\BOOKMARK [1][-]{Doc-Start}{Preface}{}% 1
\BOOKMARK [1][-]{section*.1}{Acknowledgment}{}% 2
\BOOKMARK [1][-]{section*.3}{Executive Summary}{}% 3
\BOOKMARK [0][-]{chapter.1}{Introduction}{}% 4
\BOOKMARK [1][-]{section.1.1}{Background kake }{chapter.1}% 5
\BOOKMARK [1][-]{section.1.2}{Objectives}{chapter.1}% 6
\BOOKMARK [1][-]{section.1.3}{Approach}{chapter.1}% 7
\BOOKMARK [1][-]{section.1.4}{Contributions}{chapter.1}% 8
\BOOKMARK [1][-]{section.1.5}{Limitations}{chapter.1}% 9
\BOOKMARK [1][-]{section.1.6}{Outline}{chapter.1}% 10
\BOOKMARK [0][-]{chapter.2}{Equations, etc}{}% 11
\BOOKMARK [1][-]{section.2.1}{Simple Equations}{chapter.2}% 12
\BOOKMARK [1][-]{section.2.2}{Including Figures}{chapter.2}% 13
\BOOKMARK [1][-]{section.2.3}{Including Tables}{chapter.2}% 14
\BOOKMARK [1][-]{section.2.4}{Copying Figures and Tables}{chapter.2}% 15
\BOOKMARK [1][-]{section.2.5}{References to Figures and Tables}{chapter.2}% 16
\BOOKMARK [1][-]{section.2.6}{A Word About Font-encoding}{chapter.2}% 17
\BOOKMARK [1][-]{section.2.7}{Plagiarism}{chapter.2}% 18
\BOOKMARK [0][-]{chapter.3}{Conclusions}{}% 19
\BOOKMARK [1][-]{section.3.1}{Summary and Conclusions}{chapter.3}% 20
\BOOKMARK [1][-]{section.3.2}{Discussion}{chapter.3}% 21
\BOOKMARK [1][-]{section.3.3}{Recommendations for Further Work}{chapter.3}% 22
\BOOKMARK [0][-]{appendix.A}{Acronyms}{}% 23
\BOOKMARK [0][-]{appendix.B}{What to put in appendixes}{}% 24
\BOOKMARK [1][-]{section.B.1}{Introduction}{appendix.B}% 25
\BOOKMARK [2][-]{subsection.B.1.1}{More Details}{section.B.1}% 26
\BOOKMARK [0][-]{subsection.B.1.1}{Bibliography}{}% 27
