This is pdfTeX, Version 3.14159265-2.6-1.40.21 (MiKTeX 20.11) (preloaded format=pdflatex 2020.11.30)  1 DEC 2020 17:51
entering extended mode
**c:/Users/olevra/Downloads/thesis-updated0817/thesis/thesis.tex
(c:/Users/olevra/Downloads/thesis-updated0817/thesis/thesis.tex
LaTeX2e <2020-10-01> patch level 2
L3 programming layer <2020-10-27> xparse <2020-03-03> ("C:\Program Files\MiKTeX\tex/latex/base\report.cls"
Document Class: report 2020/04/10 v1.4m Standard LaTeX document class
("C:\Program Files\MiKTeX\tex/latex/base\size12.clo"
File: size12.clo 2020/04/10 v1.4m Standard LaTeX file (size option)
)
\c@part=\count175
\c@chapter=\count176
\c@section=\count177
\c@subsection=\count178
\c@subsubsection=\count179
\c@paragraph=\count180
\c@subparagraph=\count181
\c@figure=\count182
\c@table=\count183
\abovecaptionskip=\skip47
\belowcaptionskip=\skip48
\bibindent=\dimen138
) (c:/Users\olevra\Downloads\thesis-updated0817\thesis\ramsstyle.sty ("C:\Program Files\MiKTeX\tex/latex/base\inputenc.sty"
Package: inputenc 2020/08/01 v1.3d Input encoding file
\inpenc@prehook=\toks15
\inpenc@posthook=\toks16
) ("C:\Program Files\MiKTeX\tex/latex/fourier\fourier.sty"
Package: fourier 2020/03/03 2.2 fourier-GUTenberg package
 ("C:\Program Files\MiKTeX\tex/generic/iftex\iftex.sty"
Package: iftex 2020/03/06 v1.0d TeX engine tests
)
Now handling font encoding FML ...
... no UTF-8 mapping file for font encoding FML
Now handling font encoding FMS ...
... no UTF-8 mapping file for font encoding FMS
Now handling font encoding FMX ...
... no UTF-8 mapping file for font encoding FMX
 ("C:\Program Files\MiKTeX\tex/latex/base\fontenc.sty"
Package: fontenc 2020/08/10 v2.0s Standard LaTeX package
LaTeX Font Info:    Trying to load font information for T1+futs on input line 112.
 ("C:\Program Files\MiKTeX\tex/latex/fourier\t1futs.fd"
File: t1futs.fd 2004/03/02 Fontinst v1.926 font definitions for T1/futs.
)) ("C:\Program Files\MiKTeX\tex/latex/base\textcomp.sty"
Package: textcomp 2020/02/02 v2.0n Standard LaTeX package
) ("C:\Program Files\MiKTeX\tex/latex/fourier\fourier-orns.sty"
Package: fourier-orns 2020/03/03 2.2 fourier-ornaments package
)
LaTeX Font Info:    Redeclaring symbol font `operators' on input line 63.
LaTeX Font Info:    Encoding `OT1' has changed to `T1' for symbol font
(Font)              `operators' in the math version `normal' on input line 63.
LaTeX Font Info:    Overwriting symbol font `operators' in version `normal'
(Font)                  OT1/cmr/m/n --> T1/futs/m/n on input line 63.
LaTeX Font Info:    Encoding `OT1' has changed to `T1' for symbol font
(Font)              `operators' in the math version `bold' on input line 63.
LaTeX Font Info:    Overwriting symbol font `operators' in version `bold'
(Font)                  OT1/cmr/bx/n --> T1/futs/m/n on input line 63.
LaTeX Font Info:    Overwriting symbol font `operators' in version `bold'
(Font)                  T1/futs/m/n --> T1/futs/b/n on input line 64.
LaTeX Font Info:    Redeclaring symbol font `letters' on input line 72.
LaTeX Font Info:    Encoding `OML' has changed to `FML' for symbol font
(Font)              `letters' in the math version `normal' on input line 72.
LaTeX Font Info:    Overwriting symbol font `letters' in version `normal'
(Font)                  OML/cmm/m/it --> FML/futmi/m/it on input line 72.
LaTeX Font Info:    Encoding `OML' has changed to `FML' for symbol font
(Font)              `letters' in the math version `bold' on input line 72.
LaTeX Font Info:    Overwriting symbol font `letters' in version `bold'
(Font)                  OML/cmm/b/it --> FML/futmi/m/it on input line 72.
\symotherletters=\mathgroup4
LaTeX Font Info:    Overwriting symbol font `letters' in version `bold'
(Font)                  FML/futmi/m/it --> FML/futmi/b/it on input line 74.
LaTeX Font Info:    Overwriting symbol font `otherletters' in version `bold'
(Font)                  FML/futm/m/it --> FML/futm/b/it on input line 75.
LaTeX Font Info:    Redeclaring math symbol \Gamma on input line 76.
LaTeX Font Info:    Redeclaring math symbol \Delta on input line 77.
LaTeX Font Info:    Redeclaring math symbol \Theta on input line 78.
LaTeX Font Info:    Redeclaring math symbol \Lambda on input line 79.
LaTeX Font Info:    Redeclaring math symbol \Xi on input line 80.
LaTeX Font Info:    Redeclaring math symbol \Pi on input line 81.
LaTeX Font Info:    Redeclaring math symbol \Sigma on input line 82.
LaTeX Font Info:    Redeclaring math symbol \Upsilon on input line 83.
LaTeX Font Info:    Redeclaring math symbol \Phi on input line 84.
LaTeX Font Info:    Redeclaring math symbol \Psi on input line 85.
LaTeX Font Info:    Redeclaring math symbol \Omega on input line 86.
LaTeX Font Info:    Redeclaring symbol font `symbols' on input line 126.
LaTeX Font Info:    Encoding `OMS' has changed to `FMS' for symbol font
(Font)              `symbols' in the math version `normal' on input line 126.
LaTeX Font Info:    Overwriting symbol font `symbols' in version `normal'
(Font)                  OMS/cmsy/m/n --> FMS/futm/m/n on input line 126.
LaTeX Font Info:    Encoding `OMS' has changed to `FMS' for symbol font
(Font)              `symbols' in the math version `bold' on input line 126.
LaTeX Font Info:    Overwriting symbol font `symbols' in version `bold'
(Font)                  OMS/cmsy/b/n --> FMS/futm/m/n on input line 126.
LaTeX Font Info:    Redeclaring symbol font `largesymbols' on input line 127.
LaTeX Font Info:    Encoding `OMX' has changed to `FMX' for symbol font
(Font)              `largesymbols' in the math version `normal' on input line 127.
LaTeX Font Info:    Overwriting symbol font `largesymbols' in version `normal'
(Font)                  OMX/cmex/m/n --> FMX/futm/m/n on input line 127.
LaTeX Font Info:    Encoding `OMX' has changed to `FMX' for symbol font
(Font)              `largesymbols' in the math version `bold' on input line 127.
LaTeX Font Info:    Overwriting symbol font `largesymbols' in version `bold'
(Font)                  OMX/cmex/m/n --> FMX/futm/m/n on input line 127.
LaTeX Font Info:    Redeclaring math alphabet \mathbf on input line 128.
LaTeX Font Info:    Overwriting math alphabet `\mathbf' in version `normal'
(Font)                  OT1/cmr/bx/n --> T1/futs/bx/n on input line 128.
LaTeX Font Info:    Overwriting math alphabet `\mathbf' in version `bold'
(Font)                  OT1/cmr/bx/n --> T1/futs/bx/n on input line 128.
LaTeX Font Info:    Redeclaring math alphabet \mathrm on input line 129.
LaTeX Font Info:    Redeclaring math alphabet \mathit on input line 130.
LaTeX Font Info:    Overwriting math alphabet `\mathit' in version `normal'
(Font)                  OT1/cmr/m/it --> T1/futs/m/it on input line 130.
LaTeX Font Info:    Overwriting math alphabet `\mathit' in version `bold'
(Font)                  OT1/cmr/bx/it --> T1/futs/m/it on input line 130.
LaTeX Font Info:    Redeclaring math alphabet \mathcal on input line 131.
LaTeX Font Info:    Redeclaring math symbol \parallel on input line 147.
LaTeX Font Info:    Redeclaring math symbol \hbar on input line 161.
LaTeX Font Info:    Redeclaring math symbol \varkappa on input line 199.
LaTeX Font Info:    Redeclaring math symbol \varvarrho on input line 200.
LaTeX Font Info:    Redeclaring math delimiter \Vert on input line 223.
LaTeX Font Info:    Redeclaring math delimiter \vert on input line 228.
LaTeX Font Info:    Redeclaring math delimiter \Downarrow on input line 238.
LaTeX Font Info:    Redeclaring math delimiter \backslash on input line 240.
LaTeX Font Info:    Redeclaring math delimiter \rangle on input line 242.
LaTeX Font Info:    Redeclaring math delimiter \langle on input line 244.
LaTeX Font Info:    Redeclaring math delimiter \rbrace on input line 246.
LaTeX Font Info:    Redeclaring math delimiter \lbrace on input line 248.
LaTeX Font Info:    Redeclaring math delimiter \rceil on input line 250.
LaTeX Font Info:    Redeclaring math delimiter \lceil on input line 252.
LaTeX Font Info:    Redeclaring math delimiter \rfloor on input line 254.
LaTeX Font Info:    Redeclaring math delimiter \lfloor on input line 256.
LaTeX Font Info:    Redeclaring math accent \acute on input line 260.
LaTeX Font Info:    Redeclaring math accent \grave on input line 261.
LaTeX Font Info:    Redeclaring math accent \ddot on input line 262.
LaTeX Font Info:    Redeclaring math accent \tilde on input line 263.
LaTeX Font Info:    Redeclaring math accent \bar on input line 264.
LaTeX Font Info:    Redeclaring math accent \breve on input line 265.
LaTeX Font Info:    Redeclaring math accent \check on input line 266.
LaTeX Font Info:    Redeclaring math accent \hat on input line 267.
LaTeX Font Info:    Redeclaring math accent \dot on input line 268.
LaTeX Font Info:    Redeclaring math accent \mathring on input line 269.
\symUfutm=\mathgroup5
) ("C:\Program Files\MiKTeX\tex/latex/marvosym\marvosym.sty"
Package: marvosym 2011/07/20 v2.2 Martin Vogel's Symbols font definitions
) ("C:\Program Files\MiKTeX\tex/latex/graphics\graphicx.sty"
Package: graphicx 2020/09/09 v1.2b Enhanced LaTeX Graphics (DPC,SPQR)
 ("C:\Program Files\MiKTeX\tex/latex/graphics\keyval.sty"
Package: keyval 2014/10/28 v1.15 key=value parser (DPC)
\KV@toks@=\toks17
) ("C:\Program Files\MiKTeX\tex/latex/graphics\graphics.sty"
Package: graphics 2020/08/30 v1.4c Standard LaTeX Graphics (DPC,SPQR)
 ("C:\Program Files\MiKTeX\tex/latex/graphics\trig.sty"
Package: trig 2016/01/03 v1.10 sin cos tan (DPC)
) ("C:\Program Files\MiKTeX\tex/latex/graphics-cfg\graphics.cfg"
File: graphics.cfg 2016/06/04 v1.11 sample graphics configuration
)
Package graphics Info: Driver file: pdftex.def on input line 105.
 ("C:\Program Files\MiKTeX\tex/latex/graphics-def\pdftex.def"
File: pdftex.def 2020/10/05 v1.2a Graphics/color driver for pdftex
))
\Gin@req@height=\dimen139
\Gin@req@width=\dimen140
) ("C:\Program Files\MiKTeX\tex/latex/geometry\geometry.sty"
Package: geometry 2020/01/02 v5.9 Page Geometry
 ("C:\Program Files\MiKTeX\tex/generic/iftex\ifvtex.sty"
Package: ifvtex 2019/10/25 v1.7 ifvtex legacy package. Use iftex instead.
)
\Gm@cnth=\count184
\Gm@cntv=\count185
\c@Gm@tempcnt=\count186
\Gm@bindingoffset=\dimen141
\Gm@wd@mp=\dimen142
\Gm@odd@mp=\dimen143
\Gm@even@mp=\dimen144
\Gm@layoutwidth=\dimen145
\Gm@layoutheight=\dimen146
\Gm@layouthoffset=\dimen147
\Gm@layoutvoffset=\dimen148
\Gm@dimlist=\toks18
 ("C:\Program Files\MiKTeX\tex/latex/geometry\geometry.cfg")) ("C:\Program Files\MiKTeX\tex/latex/graphics\rotating.sty"
Package: rotating 2016/08/11 v2.16d rotated objects in LaTeX
 ("C:\Program Files\MiKTeX\tex/latex/base\ifthen.sty"
Package: ifthen 2014/09/29 v1.1c Standard LaTeX ifthen package (DPC)
)
\c@r@tfl@t=\count187
\rotFPtop=\skip49
\rotFPbot=\skip50
\rot@float@box=\box47
\rot@mess@toks=\toks19
) ("C:\Program Files\MiKTeX\tex/latex/amsmath\amsmath.sty"
Package: amsmath 2020/09/23 v2.17i AMS math features
\@mathmargin=\skip51

For additional information on amsmath, use the `?' option.
("C:\Program Files\MiKTeX\tex/latex/amsmath\amstext.sty"
Package: amstext 2000/06/29 v2.01 AMS text
 ("C:\Program Files\MiKTeX\tex/latex/amsmath\amsgen.sty"
File: amsgen.sty 1999/11/30 v2.0 generic functions
\@emptytoks=\toks20
\ex@=\dimen149
)) ("C:\Program Files\MiKTeX\tex/latex/amsmath\amsbsy.sty"
Package: amsbsy 1999/11/29 v1.2d Bold Symbols
\pmbraise@=\dimen150
) ("C:\Program Files\MiKTeX\tex/latex/amsmath\amsopn.sty"
Package: amsopn 2016/03/08 v2.02 operator names
)
\inf@bad=\count188
LaTeX Info: Redefining \frac on input line 234.
\uproot@=\count189
\leftroot@=\count190
LaTeX Info: Redefining \overline on input line 399.
\classnum@=\count191
\DOTSCASE@=\count192
LaTeX Info: Redefining \ldots on input line 496.
LaTeX Info: Redefining \dots on input line 499.
LaTeX Info: Redefining \cdots on input line 620.
\Mathstrutbox@=\box48
\strutbox@=\box49
\big@size=\dimen151
LaTeX Font Info:    Redeclaring font encoding OML on input line 743.
LaTeX Font Info:    Redeclaring font encoding OMS on input line 744.
\macc@depth=\count193
\c@MaxMatrixCols=\count194
\dotsspace@=\muskip16
\c@parentequation=\count195
\dspbrk@lvl=\count196
\tag@help=\toks21
\row@=\count197
\column@=\count198
\maxfields@=\count199
\andhelp@=\toks22
\eqnshift@=\dimen152
\alignsep@=\dimen153
\tagshift@=\dimen154
\tagwidth@=\dimen155
\totwidth@=\dimen156
\lineht@=\dimen157
\@envbody=\toks23
\multlinegap=\skip52
\multlinetaggap=\skip53
\mathdisplay@stack=\toks24
LaTeX Info: Redefining \[ on input line 2923.
LaTeX Info: Redefining \] on input line 2924.
) (C:\Users\olevra\AppData\Roaming\MiKTeX\tex/latex/booktabs\booktabs.sty
Package: booktabs 2020/01/12 v1.61803398 Publication quality tables
\heavyrulewidth=\dimen158
\lightrulewidth=\dimen159
\cmidrulewidth=\dimen160
\belowrulesep=\dimen161
\belowbottomsep=\dimen162
\aboverulesep=\dimen163
\abovetopsep=\dimen164
\cmidrulesep=\dimen165
\cmidrulekern=\dimen166
\defaultaddspace=\dimen167
\@cmidla=\count266
\@cmidlb=\count267
\@aboverulesep=\dimen168
\@belowrulesep=\dimen169
\@thisruleclass=\count268
\@lastruleclass=\count269
\@thisrulewidth=\dimen170
) ("C:\Program Files\MiKTeX\tex/latex/url\url.sty"
\Urlmuskip=\muskip17
Package: url 2013/09/16  ver 3.4  Verb mode for urls, etc.
) (C:\Users\olevra\AppData\Roaming\MiKTeX\tex/latex/natbib\natbib.sty
Package: natbib 2010/09/13 8.31b (PWD, AO)
\bibhang=\skip54
\bibsep=\skip55
LaTeX Info: Redefining \cite on input line 694.
\c@NAT@ctr=\count270
) (C:\Users\olevra\AppData\Roaming\MiKTeX\tex/latex/setspace\setspace.sty
Package: setspace 2011/12/19 v6.7a set line spacing
) ("C:\Program Files\MiKTeX\tex/latex/hyperref\hyperref.sty"
Package: hyperref 2020-05-15 v7.00e Hypertext links for LaTeX
 (C:\Users\olevra\AppData\Roaming\MiKTeX\tex/generic/ltxcmds\ltxcmds.sty
Package: ltxcmds 2020-05-10 v1.25 LaTeX kernel commands for general use (HO)
) ("C:\Program Files\MiKTeX\tex/generic/pdftexcmds\pdftexcmds.sty"
Package: pdftexcmds 2020-06-27 v0.33 Utility functions of pdfTeX for LuaTeX (HO)
 (C:\Users\olevra\AppData\Roaming\MiKTeX\tex/generic/infwarerr\infwarerr.sty
Package: infwarerr 2019/12/03 v1.5 Providing info/warning/error messages (HO)
)
Package pdftexcmds Info: \pdf@primitive is available.
Package pdftexcmds Info: \pdf@ifprimitive is available.
Package pdftexcmds Info: \pdfdraftmode found.
) (C:\Users\olevra\AppData\Roaming\MiKTeX\tex/generic/kvsetkeys\kvsetkeys.sty
Package: kvsetkeys 2019/12/15 v1.18 Key value parser (HO)
) (C:\Users\olevra\AppData\Roaming\MiKTeX\tex/generic/kvdefinekeys\kvdefinekeys.sty
Package: kvdefinekeys 2019-12-19 v1.6 Define keys (HO)
) (C:\Users\olevra\AppData\Roaming\MiKTeX\tex/generic/pdfescape\pdfescape.sty
Package: pdfescape 2019/12/09 v1.15 Implements pdfTeX's escape features (HO)
) (C:\Users\olevra\AppData\Roaming\MiKTeX\tex/latex/hycolor\hycolor.sty
Package: hycolor 2020-01-27 v1.10 Color options for hyperref/bookmark (HO)
) (C:\Users\olevra\AppData\Roaming\MiKTeX\tex/latex/letltxmacro\letltxmacro.sty
Package: letltxmacro 2019/12/03 v1.6 Let assignment for LaTeX macros (HO)
) (C:\Users\olevra\AppData\Roaming\MiKTeX\tex/latex/auxhook\auxhook.sty
Package: auxhook 2019-12-17 v1.6 Hooks for auxiliary files (HO)
) (C:\Users\olevra\AppData\Roaming\MiKTeX\tex/latex/kvoptions\kvoptions.sty
Package: kvoptions 2020-10-07 v3.14 Key value format for package options (HO)
)
\@linkdim=\dimen171
\Hy@linkcounter=\count271
\Hy@pagecounter=\count272
 ("C:\Program Files\MiKTeX\tex/latex/hyperref\pd1enc.def"
File: pd1enc.def 2020-05-15 v7.00e Hyperref: PDFDocEncoding definition (HO)
Now handling font encoding PD1 ...
... no UTF-8 mapping file for font encoding PD1
) (C:\Users\olevra\AppData\Roaming\MiKTeX\tex/generic/intcalc\intcalc.sty
Package: intcalc 2019/12/15 v1.3 Expandable calculations with integers (HO)
) (C:\Users\olevra\AppData\Roaming\MiKTeX\tex/generic/etexcmds\etexcmds.sty
Package: etexcmds 2019/12/15 v1.7 Avoid name clashes with e-TeX commands (HO)
)
\Hy@SavedSpaceFactor=\count273
Package hyperref Info: Option `colorlinks' set `true' on input line 4338.


Package hyperref Warning: Option `a4paper' is no longer used.

Package hyperref Info: Hyper figures OFF on input line 4464.
Package hyperref Info: Link nesting OFF on input line 4469.
Package hyperref Info: Hyper index ON on input line 4472.
Package hyperref Info: Plain pages OFF on input line 4479.
Package hyperref Info: Backreferencing OFF on input line 4484.
Package hyperref Info: Implicit mode ON; LaTeX internals redefined.
Package hyperref Info: Bookmarks ON on input line 4717.
\c@Hy@tempcnt=\count274
LaTeX Info: Redefining \url on input line 5076.
\XeTeXLinkMargin=\dimen172
(C:\Users\olevra\AppData\Roaming\MiKTeX\tex/generic/bitset\bitset.sty
Package: bitset 2019/12/09 v1.3 Handle bit-vector datatype (HO)
 (C:\Users\olevra\AppData\Roaming\MiKTeX\tex/generic/bigintcalc\bigintcalc.sty
Package: bigintcalc 2019/12/15 v1.5 Expandable calculations on big integers (HO)
))
\Fld@menulength=\count275
\Field@Width=\dimen173
\Fld@charsize=\dimen174
Package hyperref Info: Hyper figures OFF on input line 6347.
Package hyperref Info: Link nesting OFF on input line 6352.
Package hyperref Info: Hyper index ON on input line 6355.
Package hyperref Info: backreferencing OFF on input line 6362.
Package hyperref Info: Link coloring ON on input line 6365.
Package hyperref Info: Link coloring with OCG OFF on input line 6372.
Package hyperref Info: PDF/A mode OFF on input line 6377.
LaTeX Info: Redefining \ref on input line 6417.
LaTeX Info: Redefining \pageref on input line 6421.
 ("C:\Program Files\MiKTeX\tex/latex/base\atbegshi-ltx.sty"
Package: atbegshi-ltx 2020/08/17 v1.0a Emulation of the original atbegshi package
with kernel methods
)
\Hy@abspage=\count276
\c@Item=\count277
\c@Hfootnote=\count278
)
Package hyperref Info: Driver (autodetected): hpdftex.
 ("C:\Program Files\MiKTeX\tex/latex/hyperref\hpdftex.def"
File: hpdftex.def 2020-05-15 v7.00e Hyperref driver for pdfTeX
 ("C:\Program Files\MiKTeX\tex/latex/base\atveryend-ltx.sty"
Package: atveryend-ltx 2020/08/19 v1.0a Emulation of the original atvery package
with kernel methods
)
\Fld@listcount=\count279
\c@bookmark@seq@number=\count280
 (C:\Users\olevra\AppData\Roaming\MiKTeX\tex/latex/rerunfilecheck\rerunfilecheck.sty
Package: rerunfilecheck 2019/12/05 v1.9 Rerun checks for auxiliary files (HO)
 (C:\Users\olevra\AppData\Roaming\MiKTeX\tex/generic/uniquecounter\uniquecounter.sty
Package: uniquecounter 2019/12/15 v1.4 Provide unlimited unique counter (HO)
)
Package uniquecounter Info: New unique counter `rerunfilecheck' on input line 286.
)
\Hy@SectionHShift=\skip56
)) ("C:\Program Files\MiKTeX\tex/latex/l3backend\l3backend-pdftex.def"
File: l3backend-pdftex.def 2020-09-24 L3 backend support: PDF output (pdfTeX)
\l__kernel_color_stack_int=\count281
\l__pdf_internal_box=\box50
) (c:/Users\olevra\Downloads\thesis-updated0817\thesis\thesis.aux (c:/Users\olevra\Downloads\thesis-updated0817\thesis\front.aux) (c:/Users\olevra\Downloads\thesis-updated0817\thesis\preface.aux) (c:/Users\olevra\Downloads\thesis-updated0817\thesis\acknowledgment.aux) (c:/Users\olevra\Downloads\thesis-updated0817\thesis\summary.aux) (c:/Users\olevra\Downloads\thesis-updated0817\thesis\chapter01.aux) (c:/Users\olevra\Downloads\thesis-updated0817\thesis\chapter02.aux) (c:/Users\olevra\Downloads\thesis-updated0817\thesis\chapter0n.aux) (c:/Users\olevra\Downloads\thesis-updated0817\thesis\acronyms.aux) (c:/Users\olevra\Downloads\thesis-updated0817\thesis\appendix-b.aux))
\openout1 = `thesis.aux'.

LaTeX Font Info:    Checking defaults for OML/cmm/m/it on input line 17.
LaTeX Font Info:    ... okay on input line 17.
LaTeX Font Info:    Checking defaults for OMS/cmsy/m/n on input line 17.
LaTeX Font Info:    ... okay on input line 17.
LaTeX Font Info:    Checking defaults for OT1/cmr/m/n on input line 17.
LaTeX Font Info:    ... okay on input line 17.
LaTeX Font Info:    Checking defaults for T1/cmr/m/n on input line 17.
LaTeX Font Info:    ... okay on input line 17.
LaTeX Font Info:    Checking defaults for TS1/cmr/m/n on input line 17.
LaTeX Font Info:    ... okay on input line 17.
LaTeX Font Info:    Checking defaults for OMX/cmex/m/n on input line 17.
LaTeX Font Info:    ... okay on input line 17.
LaTeX Font Info:    Checking defaults for U/cmr/m/n on input line 17.
LaTeX Font Info:    ... okay on input line 17.
LaTeX Font Info:    Checking defaults for FML/futm/m/it on input line 17.
LaTeX Font Info:    Trying to load font information for FML+futm on input line 17.
 ("C:\Program Files\MiKTeX\tex/latex/fourier\fmlfutm.fd"
File: fmlfutm.fd 2004/10/30 Fontinst v1.926 font definitions for FML/futm.
)
LaTeX Font Info:    ... okay on input line 17.
LaTeX Font Info:    Checking defaults for FMS/futm/m/n on input line 17.
LaTeX Font Info:    Trying to load font information for FMS+futm on input line 17.
 ("C:\Program Files\MiKTeX\tex/latex/fourier\fmsfutm.fd"
File: fmsfutm.fd 2004/10/30 Fontinst v1.926 font definitions for FMS/futm.
)
LaTeX Font Info:    ... okay on input line 17.
LaTeX Font Info:    Checking defaults for FMX/futm/m/n on input line 17.
LaTeX Font Info:    Trying to load font information for FMX+futm on input line 17.
 ("C:\Program Files\MiKTeX\tex/latex/fourier\fmxfutm.fd"
File: fmxfutm.fd futm-extension
)
LaTeX Font Info:    ... okay on input line 17.
LaTeX Font Info:    Checking defaults for PD1/pdf/m/n on input line 17.
LaTeX Font Info:    ... okay on input line 17.
 ("C:\Program Files\MiKTeX\tex/context/base/mkii\supp-pdf.mkii"
[Loading MPS to PDF converter (version 2006.09.02).]
\scratchcounter=\count282
\scratchdimen=\dimen175
\scratchbox=\box51
\nofMPsegments=\count283
\nofMParguments=\count284
\everyMPshowfont=\toks25
\MPscratchCnt=\count285
\MPscratchDim=\dimen176
\MPnumerator=\count286
\makeMPintoPDFobject=\count287
\everyMPtoPDFconversion=\toks26
) ("C:\Program Files\MiKTeX\tex/latex/epstopdf-pkg\epstopdf-base.sty"
Package: epstopdf-base 2020-01-24 v2.11 Base part for package epstopdf
Package epstopdf-base Info: Redefining graphics rule for `.eps' on input line 485.
)
*geometry* driver: auto-detecting
*geometry* detected driver: pdftex
*geometry* verbose mode - [ preamble ] result:
* driver: pdftex
* paper: <default>
* layout: <same size as paper>
* layoutoffset:(h,v)=(0.0pt,0.0pt)
* modes: 
* h-part:(L,W,R)=(71.13188pt, 472.03123pt, 71.13188pt)
* v-part:(T,H,B)=(71.13188pt, 652.70622pt, 71.13188pt)
* \paperwidth=614.295pt
* \paperheight=794.96999pt
* \textwidth=472.03123pt
* \textheight=652.70622pt
* \oddsidemargin=-1.1381pt
* \evensidemargin=-1.1381pt
* \topmargin=-38.1381pt
* \headheight=12.0pt
* \headsep=25.0pt
* \topskip=12.0pt
* \footskip=30.0pt
* \marginparwidth=44.0pt
* \marginparsep=10.0pt
* \columnsep=10.0pt
* \skip\footins=10.8pt plus 4.0pt minus 2.0pt
* \hoffset=0.0pt
* \voffset=0.0pt
* \mag=1000
* \@twocolumnfalse
* \@twosidefalse
* \@mparswitchfalse
* \@reversemarginfalse
* (1in=72.27pt=25.4mm, 1cm=28.453pt)

("C:\Program Files\MiKTeX\tex/latex/graphics\color.sty"
Package: color 2020/02/24 v1.2b Standard LaTeX Color (DPC)
 ("C:\Program Files\MiKTeX\tex/latex/graphics-cfg\color.cfg"
File: color.cfg 2016/01/02 v1.6 sample color configuration
)
Package color Info: Driver file: pdftex.def on input line 147.
)
Package hyperref Info: Link coloring ON on input line 17.
 ("C:\Program Files\MiKTeX\tex/latex/hyperref\nameref.sty"
Package: nameref 2019/09/16 v2.46 Cross-referencing by name of section
 (C:\Users\olevra\AppData\Roaming\MiKTeX\tex/latex/refcount\refcount.sty
Package: refcount 2019/12/15 v3.6 Data extraction from label references (HO)
) (C:\Users\olevra\AppData\Roaming\MiKTeX\tex/generic/gettitlestring\gettitlestring.sty
Package: gettitlestring 2019/12/15 v1.6 Cleanup title references (HO)
)
\c@section@level=\count288
)
LaTeX Info: Redefining \ref on input line 17.
LaTeX Info: Redefining \pageref on input line 17.
LaTeX Info: Redefining \nameref on input line 17.
 (c:/Users\olevra\Downloads\thesis-updated0817\thesis\thesis.out) (c:/Users\olevra\Downloads\thesis-updated0817\thesis\thesis.out)
\@outlinefile=\write3
\openout3 = `thesis.out'.

\openout2 = `front.aux'.

 (c:/Users\olevra\Downloads\thesis-updated0817\thesis\front.tex
<fig/rams.pdf, id=110, 97.80238pt x 44.8345pt>
File: fig/rams.pdf Graphic file (type pdf)
<use fig/rams.pdf>
Package pdftex.def Info: fig/rams.pdf  used on input line 8.
(pdftex.def)             Requested size: 107.58295pt x 49.31808pt.

Underfull \hbox (badness 10000) in paragraph at lines 8--10

 []

) [1


{C:/Users/olevra/AppData/Local/MiKTeX/pdftex/config/pdftex.map} <c:/Users/olevra/Downloads/thesis-updated0817/thesis/fig/rams.pdf>]
\openout2 = `preface.aux'.

 (c:/Users\olevra\Downloads\thesis-updated0817\thesis\preface.tex
Underfull \hbox (badness 10000) in paragraph at lines 9--10

 []

) [1



]
\openout2 = `acknowledgment.aux'.

 (c:/Users\olevra\Downloads\thesis-updated0817\thesis\acknowledgment.tex) [2



]
\openout2 = `summary.aux'.

 (c:/Users\olevra\Downloads\thesis-updated0817\thesis\summary.tex) [3



] (c:/Users\olevra\Downloads\thesis-updated0817\thesis\thesis.toc
LaTeX Font Info:    Trying to load font information for FML+futmi on input line 1.
 ("C:\Program Files\MiKTeX\tex/latex/fourier\fmlfutmi.fd"
File: fmlfutmi.fd 2004/10/30 Fontinst v1.926 font definitions for FML/futmi.
)
LaTeX Font Info:    Font shape `FMX/futm/m/n' will be
(Font)              scaled to size 11.03998pt on input line 1.
LaTeX Font Info:    Font shape `FMX/futm/m/n' will be
(Font)              scaled to size 8.27998pt on input line 1.
LaTeX Font Info:    Font shape `FMX/futm/m/n' will be
(Font)              scaled to size 6.43999pt on input line 1.
LaTeX Font Info:    Font shape `U/futm/m/n' will be
(Font)              scaled to size 11.03998pt on input line 1.
LaTeX Font Info:    Font shape `U/futm/m/n' will be
(Font)              scaled to size 8.27998pt on input line 1.
LaTeX Font Info:    Font shape `U/futm/m/n' will be
(Font)              scaled to size 6.43999pt on input line 1.
 [4



])
\tf@toc=\write4
\openout4 = `thesis.toc'.

pdfTeX warning (ext4): destination with the same identifier (name{page.1}) has been already used, duplicate ignored
<to be read again> 
                   \relax 
l.27 \include{chapter01}
                         [1]
\openout2 = `chapter01.aux'.

 (c:/Users\olevra\Downloads\thesis-updated0817\thesis\chapter01.tex
Chapter 1.
[2


]
LaTeX Font Info:    Trying to load font information for TS1+futs on input line 23.
 ("C:\Program Files\MiKTeX\tex/latex/fourier\ts1futs.fd"
File: ts1futs.fd 2003/09/14 Fontinst v1.801 font definitions for TS1/futs.
)
LaTeX Font Info:    Trying to load font information for T1+cmtt on input line 28.
 ("C:\Program Files\MiKTeX\tex/latex/base\t1cmtt.fd"
File: t1cmtt.fd 2019/12/16 v2.5j Standard LaTeX font definitions
)
LaTeX Font Info:    Font shape `FMX/futm/m/n' will be
(Font)              scaled to size 9.19998pt on input line 28.
LaTeX Font Info:    Font shape `FMX/futm/m/n' will be
(Font)              scaled to size 6.99199pt on input line 28.
LaTeX Font Info:    Font shape `FMX/futm/m/n' will be
(Font)              scaled to size 5.51999pt on input line 28.
LaTeX Font Info:    Font shape `U/futm/m/n' will be
(Font)              scaled to size 9.19998pt on input line 28.
LaTeX Font Info:    Font shape `U/futm/m/n' will be
(Font)              scaled to size 6.99199pt on input line 28.
LaTeX Font Info:    Font shape `U/futm/m/n' will be
(Font)              scaled to size 5.51999pt on input line 28.

Overfull \hbox (61.20372pt too wide) in paragraph at lines 27--29
\FMS/futm/m/n/12 n$\T1/cmtt/m/n/12 usepackage{natbib} \T1/futs/m/n/12 and un-comment the cor-re-spond-ing com-mand $\FMS/futm/m/n/12 n$\T1/cmtt/m/n/12 usepackage[numbers]{natbib}\T1/futs/m/n/12 .[][][][][] 
 []


Overfull \hbox (2.55225pt too wide) in paragraph at lines 34--36
\T1/futs/b/it/12 Remark\T1/futs/m/n/12 : Hy-per-links are in-cluded by the com-mand $\FMS/futm/m/n/12 n$\T1/cmtt/m/n/12 usepackage{hyperref\T1/futs/m/n/12 } in \T1/cmtt/m/n/12 ramsstyle.sty\T1/futs/m/n/12 .
 []

[3] [4]) [5]
\openout2 = `chapter02.aux'.

 (c:/Users\olevra\Downloads\thesis-updated0817\thesis\chapter02.tex
Chapter 2.

Overfull \hbox (23.45486pt too wide) in paragraph at lines 14--15
\T1/futs/m/n/12 Mathematical sym-bols and equa-tions can writ-ten in the text as $\FML/futmi/m/it/12 $\T1/futs/m/n/12 , $\FML/futmi/m/it/12 F\T1/futs/m/n/12 (\FML/futmi/m/it/12 t\T1/futs/m/n/12 )$, or even $\FML/futmi/m/it/12 F\T1/futs/m/n/12 (\FML/futmi/m/it/12 t\T1/futs/m/n/12 ) \FMS/futm/m/n/12 Å [][] []\T1/futs/m/n/12 (\FMS/futm/m/n/12  \FML/futmi/m/it/12 x\T1/futs/m/n/12 ) \FML/futmi/m/it/12 dx$\T1/futs/m/n/12 ,
 []

[6




]
LaTeX Font Info:    Trying to load font information for U+mvs on input line 51.
 ("C:\Program Files\MiKTeX\tex/latex/marvosym\umvs.fd")
Underfull \hbox (badness 10000) in paragraph at lines 51--53

 []

<fig/NTNU.pdf, id=224, 241.90375pt x 53.19875pt>
File: fig/NTNU.pdf Graphic file (type pdf)
<use fig/NTNU.pdf>
Package pdftex.def Info: fig/NTNU.pdf  used on input line 64.
(pdftex.def)             Requested size: 145.14336pt x 31.91948pt.
[7]
Overfull \hbox (2.83617pt too wide) in paragraph at lines 72--73
\T1/futs/m/n/12 de-clare the fig-ure, you may in-clude the com-mand \T1/cmtt/m/n/12 [h] \T1/futs/m/n/12 (here) im-me-di-ately af-ter $\FMS/futm/m/n/12 n$\T1/cmtt/m/n/12 begin{figure}\T1/futs/m/n/12 .
 []

File: fig/NTNU.pdf Graphic file (type pdf)
<use fig/NTNU.pdf>
Package pdftex.def Info: fig/NTNU.pdf  used on input line 77.
(pdftex.def)             Requested size: 435.4264pt x 95.75764pt.
LaTeX Font Info:    Font shape `FMX/futm/m/n' will be
(Font)              scaled to size 10.07397pt on input line 90.
LaTeX Font Info:    Font shape `FMX/futm/m/n' will be
(Font)              scaled to size 7.63599pt on input line 90.
LaTeX Font Info:    Font shape `U/futm/m/n' will be
(Font)              scaled to size 10.07397pt on input line 90.
LaTeX Font Info:    Font shape `U/futm/m/n' will be
(Font)              scaled to size 7.63599pt on input line 90.

Overfull \hbox (5.74524pt too wide) in paragraph at lines 105--107
\T1/futs/m/n/12 neath the com-mand $\FMS/futm/m/n/12 n$\T1/cmtt/m/n/12 includegraphics \T1/futs/m/n/12 for fig-ures, and above the com-mand $\FMS/futm/m/n/12 n$\T1/cmtt/m/n/12 begin{tabular*}
 []

[8 <c:/Users/olevra/Downloads/thesis-updated0817/thesis/fig/NTNU.pdf>] [9] [10]) [11]
\openout2 = `chapter0n.aux'.

 (c:/Users\olevra\Downloads\thesis-updated0817\thesis\chapter0n.tex
Chapter 3.
[12




]) [13]
\openout2 = `acronyms.aux'.

 (c:/Users\olevra\Downloads\thesis-updated0817\thesis\acronyms.tex
Appendix A.
) [14




]
\openout2 = `appendix-b.aux'.

 (c:/Users\olevra\Downloads\thesis-updated0817\thesis\appendix-b.tex
Appendix B.
) [15




] (c:/Users\olevra\Downloads\thesis-updated0817\thesis\thesis.bbl) [16



] (c:/Users\olevra\Downloads\thesis-updated0817\thesis\thesis.aux (c:/Users\olevra\Downloads\thesis-updated0817\thesis\front.aux) (c:/Users\olevra\Downloads\thesis-updated0817\thesis\preface.aux) (c:/Users\olevra\Downloads\thesis-updated0817\thesis\acknowledgment.aux) (c:/Users\olevra\Downloads\thesis-updated0817\thesis\summary.aux) (c:/Users\olevra\Downloads\thesis-updated0817\thesis\chapter01.aux) (c:/Users\olevra\Downloads\thesis-updated0817\thesis\chapter02.aux) (c:/Users\olevra\Downloads\thesis-updated0817\thesis\chapter0n.aux) (c:/Users\olevra\Downloads\thesis-updated0817\thesis\acronyms.aux) (c:/Users\olevra\Downloads\thesis-updated0817\thesis\appendix-b.aux))
Package rerunfilecheck Info: File `thesis.out' has not changed.
(rerunfilecheck)             Checksum: 6EEDDFEB6C210D6759733A347C977689;1597.
 ) 
Here is how much of TeX's memory you used:
 8022 strings out of 479832
 119048 string characters out of 2880869
 421311 words of memory out of 3000000
 24634 multiletter control sequences out of 15000+200000
 645977 words of font info for 135 fonts, out of 3000000 for 9000
 1141 hyphenation exceptions out of 8191
 80i,10n,85p,907b,406s stack positions out of 5000i,500n,10000p,200000b,50000s
 <C:\Users\olevra\AppData\Local\MiKTeX\fonts/pk/ljfour/jknappen/ec/dpi600\ectt1200.pk>{C:/Program Files/MiKTeX/fonts/enc/dvips/base/8r.enc}<C:/Program Files/MiKTeX/fonts/type1/public/fourier/fourier-mex.pfb><C:/Program Files/MiKTeX/fonts/type1/public/fourier/fourier-mlit.pfb><C:/Program Files/MiKTeX/fonts/type1/public/fourier/fourier-ms.pfb><C:/Program Files/MiKTeX/fonts/type1/public/marvosym/marvosym.pfb><C:/Users/olevra/AppData/Roaming/MiKTeX/fonts/type1/adobe/utopia/putb8a.pfb><C:/Users/olevra/AppData/Roaming/MiKTeX/fonts/type1/adobe/utopia/putbi8a.pfb><C:/Users/olevra/AppData/Roaming/MiKTeX/fonts/type1/adobe/utopia/putr8a.pfb><C:/Users/olevra/AppData/Roaming/MiKTeX/fonts/type1/adobe/utopia/putr8a.pfb><C:/Users/olevra/AppData/Roaming/MiKTeX/fonts/type1/adobe/utopia/putri8a.pfb>
Output written on c:/Users\olevra\Downloads\thesis-updated0817\thesis\thesis.pdf (21 pages, 192124 bytes).
PDF statistics:
 386 PDF objects out of 1000 (max. 8388607)
 71 named destinations out of 1000 (max. 500000)
 227 words of extra memory for PDF output out of 10000 (max. 10000000)

